[20:44:25] [main/WARN] (FabricLoader/Knot) Class path entries reference missing files: E:\newmods\vault\build\classes\java\client, E:\newmods\vault\build\resources\client - the game may not load properly!
[20:44:25] [main/INFO] (FabricLoader/GameProvider) Loading Minecraft 1.20.1 with Fabric Loader 0.19.2
[20:44:25] [main/INFO] (FabricLoader) Loading 61 mods:
	- cloth-basic-math 0.6.1
	- cloth-config 11.1.136
	- fabric-api 0.92.9+1.20.1
	- fabric-api-base 0.4.32+1802ada577
	- fabric-api-lookup-api-v1 1.6.37+1802ada577
	- fabric-biome-api-v1 13.0.15+93aa238b77
	- fabric-block-api-v1 1.0.12+1802ada577
	- fabric-block-view-api-v2 1.0.3+924f046a77
	- fabric-blockrenderlayer-v1 1.1.42+1802ada577
	- fabric-client-tags-api-v1 1.1.3+1802ada577
	- fabric-command-api-v1 1.2.35+f71b366f77
	- fabric-command-api-v2 2.2.14+1802ada577
	- fabric-commands-v0 0.2.52+df3654b377
	- fabric-containers-v0 0.1.68+df3654b377
	- fabric-content-registries-v0 4.0.13+1802ada577
	- fabric-convention-tags-v1 1.5.6+1802ada577
	- fabric-crash-report-info-v1 0.2.20+1802ada577
	- fabric-data-attachment-api-v1 1.0.2+de0fd6d177
	- fabric-data-generation-api-v1 12.3.9+1802ada577
	- fabric-dimensions-v1 2.1.55+1802ada577
	- fabric-entity-events-v1 1.6.1+1c78457f77
	- fabric-events-interaction-v0 0.6.6+13a40c6677
	- fabric-events-lifecycle-v0 0.2.64+df3654b377
	- fabric-game-rule-api-v1 1.0.41+1802ada577
	- fabric-gametest-api-v1 1.2.15+1802ada577
	- fabric-item-api-v1 2.1.29+1802ada577
	- fabric-item-group-api-v1 4.0.14+1802ada577
	- fabric-key-binding-api-v1 1.0.38+1802ada577
	- fabric-keybindings-v0 0.2.36+df3654b377
	- fabric-lifecycle-events-v1 2.2.23+1802ada577
	- fabric-loot-api-v2 1.2.3+1802ada577
	- fabric-loot-tables-v1 1.1.47+9e7660c677
	- fabric-message-api-v1 5.1.10+1802ada577
	- fabric-mining-level-api-v1 2.1.52+1802ada577
	- fabric-model-loading-api-v1 1.0.4+1802ada577
	- fabric-models-v0 0.4.3+9386d8a777
	- fabric-networking-api-v1 1.3.15+0caff8d077
	- fabric-networking-v0 0.3.55+df3654b377
	- fabric-object-builder-api-v1 11.1.5+e35120df77
	- fabric-particles-v1 1.1.3+1802ada577
	- fabric-recipe-api-v1 1.0.25+1802ada577
	- fabric-registry-sync-v0 2.4.1+4c0a70e677
	- fabric-renderer-api-v1 3.2.2+1802ada577
	- fabric-renderer-indigo 1.5.3+85287f9f77
	- fabric-renderer-registries-v1 3.2.47+df3654b377
	- fabric-rendering-data-attachment-v1 0.3.39+92a0d36777
	- fabric-rendering-fluids-v1 3.0.29+1802ada577
	- fabric-rendering-v0 1.1.50+df3654b377
	- fabric-rendering-v1 3.0.9+1802ada577
	- fabric-resource-conditions-api-v1 2.3.9+1802ada577
	- fabric-resource-loader-v0 0.11.12+fb82e9d777
	- fabric-screen-api-v1 2.0.9+1802ada577
	- fabric-screen-handler-api-v1 1.3.34+1802ada577
	- fabric-sound-api-v1 1.0.14+1802ada577
	- fabric-transfer-api-v1 3.3.6+8dd72ea377
	- fabric-transitive-access-wideners-v1 4.3.2+1802ada577
	- fabricloader 0.19.2
	- java 21
	- minecraft 1.20.1
	- mixinextras 0.5.4
	- stonevaults 2.0
[20:44:25] [main/INFO] (FabricLoader/Mixin) SpongePowered MIXIN Subsystem Version=0.8.7 Source=file:/C:/Users/Anoop%20Singh/.gradle/caches/modules-2/files-2.1/net.fabricmc/sponge-mixin/0.17.2+mixin.0.8.7/edf98d1d98229e46e36c61774ae2b54dcd852981/sponge-mixin-0.17.2+mixin.0.8.7.jar Service=Knot/Fabric Env=CLIENT
[20:44:25] [main/INFO] (FabricLoader/Mixin) Loaded Fabric development mappings for mixin remapper!
[20:44:25] [main/INFO] (FabricLoader/Mixin) Compatibility level set to JAVA_16
[20:44:25] [main/INFO] (FabricLoader/Mixin) Compatibility level set to JAVA_17
[20:44:26] [main/INFO] (FabricLoader/MixinExtras|Service) Initializing MixinExtras via com.llamalad7.mixinextras.service.MixinExtrasServiceImpl(version=0.5.4).
[20:44:29] [Datafixer Bootstrap/INFO] (Minecraft) 188 Datafixer optimizations took 89 milliseconds
[20:44:30] [Render thread/INFO] (Minecraft) [STDERR]: [LWJGL] [ThreadLocalUtil] Unsupported JNI version detected, this may result in a crash. Please inform LWJGL developers.
[20:44:30] [Render thread/INFO] (Minecraft) Environment: authHost='https://authserver.mojang.com', accountsHost='https://api.mojang.com', sessionHost='https://sessionserver.mojang.com', servicesHost='https://api.minecraftservices.com', name='PROD'
[20:44:31] [Render thread/ERROR] (Minecraft) Failed to verify authentication
com.mojang.authlib.exceptions.InvalidCredentialsException: Status: 401
	at com.mojang.authlib.exceptions.MinecraftClientHttpException.toAuthenticationException(MinecraftClientHttpException.java:56) ~[authlib-4.0.43.jar:?]
	at com.mojang.authlib.yggdrasil.YggdrasilUserApiService.fetchProperties(YggdrasilUserApiService.java:156) ~[authlib-4.0.43.jar:?]
	at com.mojang.authlib.yggdrasil.YggdrasilUserApiService.<init>(YggdrasilUserApiService.java:55) ~[authlib-4.0.43.jar:?]
	at com.mojang.authlib.yggdrasil.YggdrasilAuthenticationService.createUserApiService(YggdrasilAuthenticationService.java:124) ~[authlib-4.0.43.jar:?]
	at net.minecraft.client.Minecraft.createUserApiService(Minecraft.java:733) ~[minecraft-clientOnly-ffa77b8a14-1.20.1-loom.mappings.1_20_1.layered+hash.2198-v2.jar:?]
	at net.minecraft.client.Minecraft.<init>(Minecraft.java:442) ~[minecraft-clientOnly-ffa77b8a14-1.20.1-loom.mappings.1_20_1.layered+hash.2198-v2.jar:?]
	at net.minecraft.client.main.Main.main(Main.java:211) ~[minecraft-clientOnly-ffa77b8a14-1.20.1-loom.mappings.1_20_1.layered+hash.2198-v2.jar:?]
	at net.fabricmc.loader.impl.game.minecraft.MinecraftGameProvider.launch(MinecraftGameProvider.java:514) ~[fabric-loader-0.19.2.jar:?]
	at net.fabricmc.loader.impl.launch.knot.Knot.launch(Knot.java:72) ~[fabric-loader-0.19.2.jar:?]
	at net.fabricmc.loader.impl.launch.knot.KnotClient.main(KnotClient.java:23) ~[fabric-loader-0.19.2.jar:?]
	at net.fabricmc.devlaunchinjector.Main.main(Main.java:86) ~[dev-launch-injector-0.2.1+build.8.jar:?]
Caused by: com.mojang.authlib.exceptions.MinecraftClientHttpException: Status: 401
	at com.mojang.authlib.minecraft.client.MinecraftClient.readInputStream(MinecraftClient.java:85) ~[authlib-4.0.43.jar:?]
	at com.mojang.authlib.minecraft.client.MinecraftClient.get(MinecraftClient.java:48) ~[authlib-4.0.43.jar:?]
	at com.mojang.authlib.yggdrasil.YggdrasilUserApiService.fetchProperties(YggdrasilUserApiService.java:129) ~[authlib-4.0.43.jar:?]
	... 9 more
[20:44:31] [Render thread/INFO] (Minecraft) Setting user: Player322
[20:44:31] [Render thread/INFO] (Indigo) [Indigo] Registering Indigo renderer!
[20:44:31] [Render thread/INFO] (Minecraft) Backend library: LWJGL version 3.3.2-snapshot
[20:44:32] [Render thread/INFO] (Minecraft) Reloading ResourceManager: vanilla, fabric (fabric-data-generation-api-v1, fabric-api-lookup-api-v1, fabric-lifecycle-events-v1, fabric-item-group-api-v1, fabric-rendering-fluids-v1, fabric-loot-api-v2, fabric-mining-level-api-v1, fabric-block-view-api-v2, stonevaults, fabric-networking-api-v1, fabric-model-loading-api-v1, fabric-loot-tables-v1, fabric-entity-events-v1, fabric-key-binding-api-v1, fabric-content-registries-v0, fabric-models-v0, fabric-screen-api-v1, fabric-crash-report-info-v1, fabric-item-api-v1, fabric-events-lifecycle-v0, fabric-registry-sync-v0, fabric-message-api-v1, fabric-block-api-v1, fabric-rendering-data-attachment-v1, fabric-keybindings-v0, fabric-screen-handler-api-v1, fabric-transfer-api-v1, fabric-client-tags-api-v1, fabric-object-builder-api-v1, fabric-particles-v1, cloth-config, fabric-dimensions-v1, fabric-command-api-v1, fabric-command-api-v2, fabric-data-attachment-api-v1, fabric-renderer-api-v1, fabric-resource-conditions-api-v1, fabric-biome-api-v1, fabric-renderer-indigo, fabric-events-interaction-v0, fabric-convention-tags-v1, fabric-api, fabric-recipe-api-v1, fabric-resource-loader-v0, fabric-renderer-registries-v1, fabric-sound-api-v1, fabric-networking-v0, fabric-api-base, fabric-gametest-api-v1, fabric-rendering-v1, fabricloader, fabric-blockrenderlayer-v1, fabric-game-rule-api-v1, fabric-rendering-v0, fabric-transitive-access-wideners-v1, fabric-containers-v0, fabric-commands-v0)
[20:44:32] [Worker-Main-9/INFO] (Minecraft) Found unifont_all_no_pua-15.0.06.hex, loading
[20:44:33] [Realms Notification Availability checker #1/INFO] (Minecraft) Could not authorize you against Realms server: java.lang.RuntimeException: Failed to parse into SignedJWT: FabricMC
[20:44:33] [Render thread/WARN] (Minecraft) Missing sound for event: minecraft:item.goat_horn.play
[20:44:33] [Render thread/WARN] (Minecraft) Missing sound for event: minecraft:entity.goat.screaming.horn_break
[20:44:33] [Render thread/INFO] (Minecraft) OpenAL initialized on device OpenAL Soft on Speakers (Realtek(R) Audio)
[20:44:33] [Render thread/INFO] (Minecraft) Sound engine started
[20:44:33] [Render thread/INFO] (Minecraft) Created: 1024x512x4 minecraft:textures/atlas/blocks.png-atlas
[20:44:33] [Render thread/INFO] (Minecraft) Created: 256x256x4 minecraft:textures/atlas/signs.png-atlas
[20:44:33] [Render thread/INFO] (Minecraft) Created: 512x512x4 minecraft:textures/atlas/shield_patterns.png-atlas
[20:44:33] [Render thread/INFO] (Minecraft) Created: 512x512x4 minecraft:textures/atlas/banner_patterns.png-atlas
[20:44:33] [Render thread/INFO] (Minecraft) Created: 1024x1024x4 minecraft:textures/atlas/armor_trims.png-atlas
[20:44:33] [Render thread/INFO] (Minecraft) Created: 128x64x4 minecraft:textures/atlas/decorated_pot.png-atlas
[20:44:33] [Render thread/INFO] (Minecraft) Created: 256x256x4 minecraft:textures/atlas/chest.png-atlas
[20:44:33] [Render thread/INFO] (Minecraft) Created: 512x256x4 minecraft:textures/atlas/beds.png-atlas
[20:44:33] [Render thread/INFO] (Minecraft) Created: 512x256x4 minecraft:textures/atlas/shulker_boxes.png-atlas
[20:44:33] [Render thread/WARN] (Minecraft) Shader rendertype_entity_translucent_emissive could not find sampler named Sampler2 in the specified shader program.
[20:44:33] [Render thread/INFO] (Minecraft) Created: 256x256x0 minecraft:textures/atlas/particles.png-atlas
[20:44:33] [Render thread/INFO] (Minecraft) Created: 256x256x0 minecraft:textures/atlas/paintings.png-atlas
[20:44:33] [Render thread/INFO] (Minecraft) Created: 128x128x0 minecraft:textures/atlas/mob_effects.png-atlas
[20:45:15] [Render thread/INFO] (Minecraft) Loaded 7 recipes
[20:45:15] [Render thread/INFO] (Minecraft) Loaded 1271 advancements
[20:45:16] [Render thread/INFO] (BiomeModificationImpl) Applied 0 biome modifications to 0 of 64 new biomes in 967.7 μs
[20:45:16] [Server thread/INFO] (Minecraft) Starting integrated minecraft server version 1.20.1
[20:45:16] [Server thread/INFO] (Minecraft) Generating keypair
[20:45:19] [Server thread/INFO] (Minecraft) Preparing start region for dimension minecraft:overworld
[20:45:19] [Render thread/INFO] (Minecraft) Preparing spawn area: 0%
[20:45:19] [Render thread/INFO] (Minecraft) Preparing spawn area: 0%
[20:45:20] [Render thread/INFO] (Minecraft) Preparing spawn area: 0%
[20:45:20] [Render thread/INFO] (Minecraft) Preparing spawn area: 2%
[20:45:21] [Render thread/INFO] (Minecraft) Preparing spawn area: 4%
[20:45:21] [Render thread/INFO] (Minecraft) Preparing spawn area: 6%
[20:45:22] [Render thread/INFO] (Minecraft) Preparing spawn area: 10%
[20:45:22] [Render thread/INFO] (Minecraft) Preparing spawn area: 14%
[20:45:23] [Render thread/INFO] (Minecraft) Preparing spawn area: 17%
[20:45:23] [Render thread/INFO] (Minecraft) Preparing spawn area: 22%
[20:45:24] [Render thread/INFO] (Minecraft) Preparing spawn area: 26%
[20:45:24] [Render thread/INFO] (Minecraft) Preparing spawn area: 31%
[20:45:25] [Render thread/INFO] (Minecraft) Preparing spawn area: 35%
[20:45:25] [Render thread/INFO] (Minecraft) Preparing spawn area: 41%
[20:45:26] [Render thread/INFO] (Minecraft) Preparing spawn area: 43%
[20:45:26] [Render thread/INFO] (Minecraft) Preparing spawn area: 45%
[20:45:27] [Render thread/INFO] (Minecraft) Preparing spawn area: 52%
[20:45:27] [Render thread/INFO] (Minecraft) Preparing spawn area: 56%
[20:45:28] [Render thread/INFO] (Minecraft) Preparing spawn area: 61%
[20:45:28] [Render thread/INFO] (Minecraft) Preparing spawn area: 67%
[20:45:29] [Render thread/INFO] (Minecraft) Preparing spawn area: 71%
[20:45:29] [Render thread/INFO] (Minecraft) Preparing spawn area: 76%
[20:45:30] [Render thread/INFO] (Minecraft) Preparing spawn area: 83%
[20:45:30] [Render thread/INFO] (Minecraft) Preparing spawn area: 89%
[20:45:31] [Render thread/INFO] (Minecraft) Preparing spawn area: 94%
[20:45:31] [Render thread/INFO] (Minecraft) Time elapsed: 12343 ms
[20:45:31] [Server thread/INFO] (Minecraft) Changing view distance to 12, from 10
[20:45:31] [Server thread/INFO] (Minecraft) Changing simulation distance to 12, from 0
[20:45:31] [Server thread/INFO] (Minecraft) Player322[local:E:f82dc3a7] logged in with entity id 246 at (-25.5, 73.0, 9.5)
[20:45:32] [Server thread/INFO] (Minecraft) Player322 joined the game
[20:45:32] [Render thread/INFO] (Minecraft) Loaded 2 advancements
[20:45:39] [Server thread/INFO] (Minecraft) Saving and pausing game...
[20:45:39] [Server thread/INFO] (Minecraft) Saving chunks for level 'ServerLevel[New World]'/minecraft:overworld
[20:45:39] [Server thread/INFO] (Minecraft) Saving chunks for level 'ServerLevel[New World]'/minecraft:the_end
[20:45:39] [Server thread/INFO] (Minecraft) Saving chunks for level 'ServerLevel[New World]'/minecraft:the_nether
[20:45:43] [Render thread/INFO] (Minecraft) Using default channel type
[20:45:43] [Render thread/INFO] (Minecraft) Started serving on 63009
[20:45:43] [Render thread/INFO] (Minecraft) [System] [CHAT] Local game hosted on port [63009]
[20:45:55] [Server thread/INFO] (Minecraft) [Player322: Set own game mode to Spectator Mode]
[20:45:55] [Render thread/INFO] (Minecraft) [System] [CHAT] Set own game mode to Spectator Mode
[20:46:04] [Server thread/INFO] (Minecraft) Locating element stonevaults:igloo took 1658 ms
[20:46:04] [Render thread/INFO] (Minecraft) [System] [CHAT] The nearest stonevaults:igloo is at [896, ~, -1248] (1558 blocks away)
[20:46:05] [Server thread/INFO] (Minecraft) [Player322: Teleported Player322 to 896.500000, 73.000000, -1247.500000]
[20:46:05] [Render thread/INFO] (Minecraft) [System] [CHAT] Teleported Player322 to 896.500000, 73.000000, -1247.500000
[20:46:06] [Worker-Main-5/ERROR] (Minecraft) Hanging entity at invalid position: BlockPos{x=88, y=13, z=63}
[20:46:06] [Worker-Main-5/ERROR] (Minecraft) Hanging entity at invalid position: BlockPos{x=88, y=10, z=63}
[20:46:07] [Worker-Main-1/ERROR] (Minecraft) Hanging entity at invalid position: BlockPos{x=88, y=13, z=63}
[20:46:07] [Worker-Main-1/ERROR] (Minecraft) Hanging entity at invalid position: BlockPos{x=88, y=10, z=63}
[20:46:07] [Worker-Main-3/ERROR] (Minecraft) Hanging entity at invalid position: BlockPos{x=88, y=13, z=63}
[20:46:07] [Worker-Main-3/ERROR] (Minecraft) Hanging entity at invalid position: BlockPos{x=88, y=10, z=63}
[20:46:07] [Worker-Main-7/ERROR] (Minecraft) Hanging entity at invalid position: BlockPos{x=88, y=13, z=63}
[20:46:07] [Worker-Main-7/ERROR] (Minecraft) Hanging entity at invalid position: BlockPos{x=88, y=10, z=63}
[20:46:07] [Worker-Main-7/ERROR] (Minecraft) Hanging entity at invalid position: BlockPos{x=140, y=8, z=12}
[20:46:07] [Worker-Main-7/WARN] (Minecraft) Skipping Entity with id 
[20:46:07] [Worker-Main-2/ERROR] (Minecraft) Hanging entity at invalid position: BlockPos{x=140, y=8, z=2}
[20:46:09] [Worker-Main-9/ERROR] (Minecraft) Hanging entity at invalid position: BlockPos{x=145, y=8, z=12}
[20:46:09] [Worker-Main-9/ERROR] (Minecraft) Hanging entity at invalid position: BlockPos{x=147, y=6, z=10}
[20:46:09] [Worker-Main-9/ERROR] (Minecraft) Hanging entity at invalid position: BlockPos{x=147, y=8, z=5}
[20:46:10] [Worker-Main-3/ERROR] (Minecraft) Hanging entity at invalid position: BlockPos{x=88, y=14, z=163}
[20:46:10] [Worker-Main-3/ERROR] (Minecraft) Hanging entity at invalid position: BlockPos{x=88, y=11, z=163}
[20:46:14] [Worker-Main-10/ERROR] (Minecraft) Hanging entity at invalid position: BlockPos{x=123, y=7, z=131}
[20:46:14] [Worker-Main-10/ERROR] (Minecraft) Hanging entity at invalid position: BlockPos{x=123, y=7, z=129}
[20:46:19] [Worker-Main-5/ERROR] (Minecraft) Hanging entity at invalid position: BlockPos{x=88, y=14, z=163}
[20:46:19] [Worker-Main-5/ERROR] (Minecraft) Hanging entity at invalid position: BlockPos{x=88, y=11, z=163}
[20:46:19] [Worker-Main-10/ERROR] (Minecraft) Hanging entity at invalid position: BlockPos{x=88, y=14, z=163}
[20:46:19] [Worker-Main-10/ERROR] (Minecraft) Hanging entity at invalid position: BlockPos{x=88, y=11, z=163}
[20:46:19] [Worker-Main-11/ERROR] (Minecraft) Hanging entity at invalid position: BlockPos{x=123, y=7, z=131}
[20:46:19] [Worker-Main-11/ERROR] (Minecraft) Hanging entity at invalid position: BlockPos{x=123, y=7, z=129}
[20:46:23] [Worker-Main-1/ERROR] (Minecraft) Hanging entity at invalid position: BlockPos{x=140, y=8, z=12}
[20:46:23] [Worker-Main-1/ERROR] (Minecraft) Hanging entity at invalid position: BlockPos{x=145, y=8, z=12}
[20:46:23] [Worker-Main-1/ERROR] (Minecraft) Hanging entity at invalid position: BlockPos{x=147, y=6, z=10}
[20:46:23] [Worker-Main-6/ERROR] (Minecraft) Hanging entity at invalid position: BlockPos{x=140, y=8, z=2}
[20:46:23] [Worker-Main-3/ERROR] (Minecraft) Hanging entity at invalid position: BlockPos{x=81, y=7, z=170}
[20:46:25] [Worker-Main-11/ERROR] (Minecraft) Hanging entity at invalid position: BlockPos{x=140, y=8, z=2}
[20:46:25] [Worker-Main-11/WARN] (Minecraft) Skipping Entity with id 
[20:46:25] [Worker-Main-11/ERROR] (Minecraft) Hanging entity at invalid position: BlockPos{x=147, y=8, z=5}
[20:46:26] [Worker-Main-10/WARN] (Minecraft) Skipping Entity with id 
[20:46:26] [Worker-Main-10/ERROR] (Minecraft) Hanging entity at invalid position: BlockPos{x=145, y=8, z=12}
[20:46:26] [Worker-Main-10/ERROR] (Minecraft) Hanging entity at invalid position: BlockPos{x=147, y=6, z=10}
[20:46:26] [Worker-Main-10/ERROR] (Minecraft) Hanging entity at invalid position: BlockPos{x=147, y=8, z=5}
[20:46:26] [Worker-Main-10/ERROR] (Minecraft) Hanging entity at invalid position: BlockPos{x=140, y=8, z=12}
[20:46:26] [Worker-Main-7/ERROR] (Minecraft) Hanging entity at invalid position: BlockPos{x=91, y=7, z=172}
[20:46:26] [Worker-Main-7/ERROR] (Minecraft) Hanging entity at invalid position: BlockPos{x=91, y=7, z=176}
